TN:
SF:/home/ubuntu/c/git/STRINGI/string/mystring.c
FN:103,115,s21_memset
FN:117,136,s21_strncat
FN:13,33,s21_strncpy
FN:138,156,s21_strchr
FN:158,171,s21_strcspn
FN:173,192,s21_strpbrk
FN:194,212,s21_strrchr
FN:214,242,s21_strstr
FN:244,280,s21_strtok
FN:3,11,s21_strlen
FN:35,52,s21_strncmp
FN:535,551,s21_strerror
FN:54,69,s21_memchr
FN:71,86,s21_memcmp
FN:88,101,s21_memcpy
FNDA:91,s21_memset
FNDA:63,s21_strncat
FNDA:49,s21_strncpy
FNDA:896,s21_strchr
FNDA:77,s21_strcspn
FNDA:91,s21_strpbrk
FNDA:91,s21_strrchr
FNDA:91,s21_strstr
FNDA:42,s21_strtok
FNDA:63,s21_strlen
FNDA:70,s21_strncmp
FNDA:21,s21_strerror
FNDA:91,s21_memchr
FNDA:49,s21_memcmp
FNDA:49,s21_memcpy
FNF:15
FNH:15
DA:3,63
DA:5,63
DA:6,7553
DA:7,7490
DA:8,7490
DA:10,63
DA:13,49
DA:16,49
DA:17,49
DA:19,336
DA:20,287
DA:21,287
DA:22,287
DA:23,287
DA:26,98
DA:27,49
DA:28,49
DA:29,49
DA:32,49
DA:35,70
DA:39,70
DA:40,70
DA:42,315
DA:43,245
DA:44,245
DA:47,70
DA:48,7
DA:51,70
DA:54,91
DA:58,91
DA:59,91
DA:61,651
DA:62,560
DA:63,49
DA:65,560
DA:68,91
DA:71,49
DA:75,49
DA:76,49
DA:77,49
DA:79,196
DA:80,147
DA:81,147
DA:82,147
DA:85,49
DA:88,49
DA:91,49
DA:92,49
DA:94,196
DA:95,147
DA:100,49
DA:103,91
DA:105,91
DA:106,7546
DA:107,7455
DA:114,91
DA:117,63
DA:119,63
DA:122,497
DA:123,434
DA:127,252
DA:128,189
DA:129,189
DA:133,63
DA:135,63
DA:138,896
DA:142,896
DA:144,4242
DA:145,3346
DA:146,84
DA:148,3346
DA:151,896
DA:152,14
DA:155,896
DA:158,77
DA:162,77
DA:163,77
DA:165,539
DA:166,462
DA:167,462
DA:170,77
DA:173,91
DA:178,91
DA:180,490
DA:181,399
DA:182,1400
DA:183,1001
DA:184,49
DA:186,1001
DA:188,399
DA:191,91
DA:194,91
DA:198,91
DA:200,938
DA:201,847
DA:202,84
DA:204,847
DA:207,91
DA:208,14
DA:211,91
DA:214,91
DA:219,91
DA:221,91
DA:222,21
DA:224,574
DA:225,504
DA:226,504
DA:228,721
DA:229,217
DA:230,217
DA:233,504
DA:234,35
DA:237,504
DA:241,91
DA:244,42
DA:248,42
DA:250,42
DA:251,42
DA:254,42
DA:256,42
DA:257,0
DA:260,42
DA:261,42
DA:264,301
DA:265,259
DA:268,42
DA:269,28
DA:272,14
DA:275,0
DA:279,42
DA:535,21
DA:536,21
DA:538,35
DA:539,14
DA:540,14
DA:541,14
DA:545,7
DA:547,7
DA:550,21
LF:139
LH:137
end_of_record
