TN:
SF:/home/ubuntu/c/git/STRINGI/string/mystring.c
FN:103,115,s21_memset
FN:117,136,s21_strncat
FN:13,33,s21_strncpy
FN:138,156,s21_strchr
FN:158,171,s21_strcspn
FN:3,11,s21_strlen
FN:35,52,s21_strncmp
FN:54,69,s21_memchr
FN:71,86,s21_memcmp
FN:88,101,s21_memcpy
FNDA:195,s21_memset
FNDA:135,s21_strncat
FNDA:105,s21_strncpy
FNDA:696,s21_strchr
FNDA:88,s21_strcspn
FNDA:135,s21_strlen
FNDA:150,s21_strncmp
FNDA:195,s21_memchr
FNDA:105,s21_memcmp
FNDA:105,s21_memcpy
FNF:10
FNH:10
DA:3,135
DA:5,135
DA:6,16185
DA:7,16050
DA:8,16050
DA:10,135
DA:13,105
DA:16,105
DA:17,105
DA:19,720
DA:20,615
DA:21,615
DA:22,615
DA:23,615
DA:26,210
DA:27,105
DA:28,105
DA:29,105
DA:32,105
DA:35,150
DA:39,150
DA:40,150
DA:42,675
DA:43,525
DA:44,525
DA:47,150
DA:48,15
DA:51,150
DA:54,195
DA:58,195
DA:59,195
DA:61,1395
DA:62,1200
DA:63,105
DA:65,1200
DA:68,195
DA:71,105
DA:75,105
DA:76,105
DA:77,105
DA:79,420
DA:80,315
DA:81,315
DA:82,315
DA:85,105
DA:88,105
DA:91,105
DA:92,105
DA:94,420
DA:95,315
DA:100,105
DA:103,195
DA:105,195
DA:106,16170
DA:107,15975
DA:114,195
DA:117,135
DA:119,135
DA:122,1065
DA:123,930
DA:127,540
DA:128,405
DA:129,405
DA:133,135
DA:135,135
DA:138,696
DA:142,696
DA:144,3731
DA:145,3035
DA:146,92
DA:148,3035
DA:151,696
DA:152,30
DA:155,696
DA:158,88
DA:162,88
DA:163,88
DA:165,587
DA:166,499
DA:167,499
DA:170,88
LF:81
LH:81
end_of_record
